[debug] [2021-01-14T16:03:44.095Z] ----------------------------------------------------------------------
[debug] [2021-01-14T16:03:44.098Z] Command:       C:\Program Files\nodejs\node.exe C:\Users\markj\AppData\Local\Yarn\Data\global\node_modules\firebase-tools\lib\bin\firebase.js deploy -P coindropto-dev
[debug] [2021-01-14T16:03:44.098Z] CLI Version:   9.2.0
[debug] [2021-01-14T16:03:44.098Z] Platform:      win32
[debug] [2021-01-14T16:03:44.098Z] Node Version:  v12.20.0
[debug] [2021-01-14T16:03:44.098Z] Time:          Thu Jan 14 2021 11:03:44 GMT-0500 (Eastern Standard Time)
[debug] [2021-01-14T16:03:44.098Z] ----------------------------------------------------------------------
[debug] [2021-01-14T16:03:44.100Z] 
[debug] [2021-01-14T16:03:44.107Z] > command requires scopes: ["email","openid","https://www.googleapis.com/auth/cloudplatformprojects.readonly","https://www.googleapis.com/auth/firebase","https://www.googleapis.com/auth/cloud-platform"]
[debug] [2021-01-14T16:03:44.108Z] > authorizing via signed-in user
[debug] [2021-01-14T16:03:44.108Z] [iam] checking project coindropto-dev for permissions ["cloudfunctions.functions.create","cloudfunctions.functions.delete","cloudfunctions.functions.get","cloudfunctions.functions.list","cloudfunctions.functions.update","cloudfunctions.operations.get","firebase.projects.get"]
[debug] [2021-01-14T16:03:44.111Z] >>> HTTP REQUEST POST https://cloudresourcemanager.googleapis.com/v1/projects/coindropto-dev:testIamPermissions  
 {"permissions":["cloudfunctions.functions.create","cloudfunctions.functions.delete","cloudfunctions.functions.get","cloudfunctions.functions.list","cloudfunctions.functions.update","cloudfunctions.operations.get","firebase.projects.get"]}
[debug] [2021-01-14T16:03:44.396Z] <<< HTTP RESPONSE 200 {"content-type":"application/json; charset=UTF-8","vary":"X-Origin, Referer, Origin,Accept-Encoding","date":"Thu, 14 Jan 2021 16:03:44 GMT","server":"ESF","cache-control":"private","x-xss-protection":"0","x-frame-options":"SAMEORIGIN","x-content-type-options":"nosniff","server-timing":"gfet4t7; dur=103","alt-svc":"h3-29=\":443\"; ma=2592000,h3-T051=\":443\"; ma=2592000,h3-Q050=\":443\"; ma=2592000,h3-Q046=\":443\"; ma=2592000,h3-Q043=\":443\"; ma=2592000,quic=\":443\"; ma=2592000; v=\"46,43\"","accept-ranges":"none","transfer-encoding":"chunked"}
[debug] [2021-01-14T16:03:44.397Z] >>> HTTP REQUEST POST https://iam.googleapis.com/v1/projects/coindropto-dev/serviceAccounts/coindropto-dev@appspot.gserviceaccount.com:testIamPermissions  
 {"permissions":["iam.serviceAccounts.actAs"]}
[debug] [2021-01-14T16:03:44.606Z] <<< HTTP RESPONSE 200 {"content-type":"application/json; charset=UTF-8","vary":"X-Origin, Referer, Origin,Accept-Encoding","date":"Thu, 14 Jan 2021 16:03:44 GMT","server":"ESF","cache-control":"private","x-xss-protection":"0","x-frame-options":"SAMEORIGIN","x-content-type-options":"nosniff","alt-svc":"h3-29=\":443\"; ma=2592000,h3-T051=\":443\"; ma=2592000,h3-Q050=\":443\"; ma=2592000,h3-Q046=\":443\"; ma=2592000,h3-Q043=\":443\"; ma=2592000,quic=\":443\"; ma=2592000; v=\"46,43\"","accept-ranges":"none","transfer-encoding":"chunked"}
[info] 
[info] === Deploying to 'coindropto-dev'...
[info] 
[info] i  deploying functions 
[info] Running command: npm --prefix "$RESOURCE_DIR" run lint
